<?xml version="1.0" encoding="UTF-8"?>
<testng-results skipped="0" failed="0" ignored="0" total="5" passed="5">
  <reporter-output>
  </reporter-output>
  <suite name="Default suite" duration-ms="7217" started-at="2022-03-16T04:39:48Z" finished-at="2022-03-16T04:39:55Z">
    <groups>
    </groups>
    <test name="Default test" duration-ms="7217" started-at="2022-03-16T04:39:48Z" finished-at="2022-03-16T04:39:55Z">
      <class name="ProjectWork.RestAssured.UserCreateLogInDelete">
        <test-method status="PASS" signature="createUser(org.testng.ITestContext)[pri:0, instance:ProjectWork.RestAssured.UserCreateLogInDelete@2890c451]" name="createUser" duration-ms="2515" started-at="2022-03-16T04:39:48Z" finished-at="2022-03-16T04:39:50Z">
          <params>
            <param index="0">
              <value>
                <![CDATA[org.testng.TestRunner@4c1d9d4b]]>
              </value>
            </param>
          </params>
          <reporter-output>
          </reporter-output>
        </test-method> <!-- createUser -->
        <test-method status="PASS" signature="delete(org.testng.ITestContext)[pri:0, instance:ProjectWork.RestAssured.UserCreateLogInDelete@2890c451]" name="delete" duration-ms="1220" started-at="2022-03-16T04:39:50Z" finished-at="2022-03-16T04:39:52Z">
          <params>
            <param index="0">
              <value>
                <![CDATA[org.testng.TestRunner@4c1d9d4b]]>
              </value>
            </param>
          </params>
          <reporter-output>
          </reporter-output>
        </test-method> <!-- delete -->
        <test-method status="PASS" signature="login(org.testng.ITestContext)[pri:0, instance:ProjectWork.RestAssured.UserCreateLogInDelete@2890c451]" name="login" duration-ms="1132" started-at="2022-03-16T04:39:52Z" finished-at="2022-03-16T04:39:53Z">
          <params>
            <param index="0">
              <value>
                <![CDATA[org.testng.TestRunner@4c1d9d4b]]>
              </value>
            </param>
          </params>
          <reporter-output>
          </reporter-output>
        </test-method> <!-- login -->
        <test-method status="PASS" signature="logout()[pri:0, instance:ProjectWork.RestAssured.UserCreateLogInDelete@2890c451]" name="logout" duration-ms="1185" started-at="2022-03-16T04:39:53Z" finished-at="2022-03-16T04:39:54Z">
          <reporter-output>
          </reporter-output>
        </test-method> <!-- logout -->
        <test-method status="PASS" signature="modifyuser(org.testng.ITestContext)[pri:0, instance:ProjectWork.RestAssured.UserCreateLogInDelete@2890c451]" name="modifyuser" duration-ms="1135" started-at="2022-03-16T04:39:54Z" finished-at="2022-03-16T04:39:55Z">
          <params>
            <param index="0">
              <value>
                <![CDATA[org.testng.TestRunner@4c1d9d4b]]>
              </value>
            </param>
          </params>
          <reporter-output>
          </reporter-output>
        </test-method> <!-- modifyuser -->
      </class> <!-- ProjectWork.RestAssured.UserCreateLogInDelete -->
    </test> <!-- Default test -->
  </suite> <!-- Default suite -->
</testng-results>
