<?xml version="1.0" encoding="UTF-8"?>
<!-- Generated by org.testng.reporters.JUnitXMLReporter -->
<testsuite hostname="LAPTOP-CO6KFNG0" ignored="0" name="Default test" tests="5" failures="0" timestamp="16 Mar 2022 04:39:55 GMT" time="7.217" errors="0">
  <testcase name="createUser" time="2.515" classname="ProjectWork.RestAssured.UserCreateLogInDelete"/>
  <testcase name="delete" time="1.22" classname="ProjectWork.RestAssured.UserCreateLogInDelete"/>
  <testcase name="login" time="1.132" classname="ProjectWork.RestAssured.UserCreateLogInDelete"/>
  <testcase name="logout" time="1.185" classname="ProjectWork.RestAssured.UserCreateLogInDelete"/>
  <testcase name="modifyuser" time="1.135" classname="ProjectWork.RestAssured.UserCreateLogInDelete"/>
</testsuite> <!-- Default test -->
